<testsuites id="" name="" tests="10" failures="0" skipped="0" errors="0" time="13.506268">
<testsuite name="calculator.spec.ts" timestamp="2025-06-07T00:19:36.723Z" hostname="" tests="10" failures="0" skipped="0" time="11.482" errors="0">
<testcase name="TS01: Al presionar cada número, aparece ese número en pantalla" classname="calculator.spec.ts" time="3.883">
</testcase>
<testcase name="TS01b: Al presionar números desde el teclado, aparecen en pantalla" classname="calculator.spec.ts" time="1.373">
</testcase>
<testcase name="TS02: 1 + 2 = 3" classname="calculator.spec.ts" time="0.818">
</testcase>
<testcase name="TS03: 5 - 3 = 2" classname="calculator.spec.ts" time="0.843">
</testcase>
<testcase name="TS04: 4 * 5 = 20" classname="calculator.spec.ts" time="0.796">
</testcase>
<testcase name="TS05: 9 ÷ 3 = 3" classname="calculator.spec.ts" time="0.785">
</testcase>
<testcase name="TS06: Botón C limpia la pantalla" classname="calculator.spec.ts" time="0.695">
</testcase>
<testcase name="TS07: Backspace elimina último dígito" classname="calculator.spec.ts" time="0.747">
</testcase>
<testcase name="TS08: División por cero muestra error" classname="calculator.spec.ts" time="0.897">
</testcase>
<testcase name="TS09: Entrada usando teclado físico: 7 + 2 = 9" classname="calculator.spec.ts" time="0.645">
</testcase>
</testsuite>
</testsuites>