<testsuites id="" name="" tests="15" failures="0" skipped="0" errors="0" time="53.572616000000004">
<testsuite name="tests\calculator.spec.ts" timestamp="2025-06-07T18:31:12.922Z" hostname="" tests="15" failures="0" skipped="0" time="51.393" errors="0">
<testcase name="TS01: Al presionar cada número, aparece ese número en pantalla" classname="tests\calculator.spec.ts" time="4.317">
<system-out>
<![CDATA[
[[ATTACHMENT|tests-calculator-TS01-Al-p-d41e2-rece-ese-número-en-pantalla\test-finished-1.png]]

[[ATTACHMENT|tests-calculator-TS01-Al-p-d41e2-rece-ese-número-en-pantalla\video.webm]]
]]>
</system-out>
</testcase>
<testcase name="TS01b: Al presionar números desde el teclado, aparecen en pantalla" classname="tests\calculator.spec.ts" time="4.027">
<system-out>
<![CDATA[
[[ATTACHMENT|tests-calculator-TS01b-Al--4a25e-eclado-aparecen-en-pantalla\test-finished-1.png]]

[[ATTACHMENT|tests-calculator-TS01b-Al--4a25e-eclado-aparecen-en-pantalla\video.webm]]
]]>
</system-out>
</testcase>
<testcase name="TS02: 1 + 2 = 3" classname="tests\calculator.spec.ts" time="3.167">
<system-out>
<![CDATA[
[[ATTACHMENT|tests-calculator-TS02-1-2-3\test-finished-1.png]]

[[ATTACHMENT|tests-calculator-TS02-1-2-3\video.webm]]
]]>
</system-out>
</testcase>
<testcase name="TS03: 5 - 3 = 2" classname="tests\calculator.spec.ts" time="3.31">
<system-out>
<![CDATA[
[[ATTACHMENT|tests-calculator-TS03-5---3-2\test-finished-1.png]]

[[ATTACHMENT|tests-calculator-TS03-5---3-2\video.webm]]
]]>
</system-out>
</testcase>
<testcase name="TS04: 4 * 5 = 20" classname="tests\calculator.spec.ts" time="3.313">
<system-out>
<![CDATA[
[[ATTACHMENT|tests-calculator-TS04-4-5-20\test-finished-1.png]]

[[ATTACHMENT|tests-calculator-TS04-4-5-20\video.webm]]
]]>
</system-out>
</testcase>
<testcase name="TS05: 9 ÷ 3 = 3" classname="tests\calculator.spec.ts" time="3.094">
<system-out>
<![CDATA[
[[ATTACHMENT|tests-calculator-TS05-9-÷-3-3\test-finished-1.png]]

[[ATTACHMENT|tests-calculator-TS05-9-÷-3-3\video.webm]]
]]>
</system-out>
</testcase>
<testcase name="TS06: Botón C limpia la pantalla" classname="tests\calculator.spec.ts" time="3.206">
<system-out>
<![CDATA[
[[ATTACHMENT|tests-calculator-TS06-Botón-C-limpia-la-pantalla\test-finished-1.png]]

[[ATTACHMENT|tests-calculator-TS06-Botón-C-limpia-la-pantalla\video.webm]]
]]>
</system-out>
</testcase>
<testcase name="TS07: Backspace elimina último dígito" classname="tests\calculator.spec.ts" time="3.117">
<system-out>
<![CDATA[
[[ATTACHMENT|tests-calculator-TS07-Backspace-elimina-último-dígito\test-finished-1.png]]

[[ATTACHMENT|tests-calculator-TS07-Backspace-elimina-último-dígito\video.webm]]
]]>
</system-out>
</testcase>
<testcase name="TS08: División por cero muestra error" classname="tests\calculator.spec.ts" time="3.256">
<system-out>
<![CDATA[
[[ATTACHMENT|tests-calculator-TS08-División-por-cero-muestra-error\test-finished-1.png]]

[[ATTACHMENT|tests-calculator-TS08-División-por-cero-muestra-error\video.webm]]
]]>
</system-out>
</testcase>
<testcase name="TS09: Entrada usando teclado físico: 7 + 2 = 9" classname="tests\calculator.spec.ts" time="3.285">
<system-out>
<![CDATA[
[[ATTACHMENT|tests-calculator-TS09-Entrada-usando-teclado-físico-7-2-9\test-finished-1.png]]

[[ATTACHMENT|tests-calculator-TS09-Entrada-usando-teclado-físico-7-2-9\video.webm]]
]]>
</system-out>
</testcase>
<testcase name="TS10 - No debe permitir operadores repetidos (1 + + 1 → 2)" classname="tests\calculator.spec.ts" time="3.163">
<system-out>
<![CDATA[
[[ATTACHMENT|tests-calculator-TS10---No-04da7-eradores-repetidos-1-1-→-2-\test-finished-1.png]]

[[ATTACHMENT|tests-calculator-TS10---No-04da7-eradores-repetidos-1-1-→-2-\video.webm]]
]]>
</system-out>
</testcase>
<testcase name="TS11 - Debe reemplazar operador si es diferente (10 + - 2 → 8)" classname="tests\calculator.spec.ts" time="3.38">
<system-out>
<![CDATA[
[[ATTACHMENT|tests-calculator-TS11---De-ac7bd-si-es-diferente-10---2-→-8-\test-finished-1.png]]

[[ATTACHMENT|tests-calculator-TS11---De-ac7bd-si-es-diferente-10---2-→-8-\video.webm]]
]]>
</system-out>
</testcase>
<testcase name="TS12 - Comprobación de operación válida sin interferencia (7 * 3 = 21)" classname="tests\calculator.spec.ts" time="3.556">
<system-out>
<![CDATA[
[[ATTACHMENT|tests-calculator-TS12---Co-00b4c-a-sin-interferencia-7-3-21-\test-finished-1.png]]

[[ATTACHMENT|tests-calculator-TS12---Co-00b4c-a-sin-interferencia-7-3-21-\video.webm]]
]]>
</system-out>
</testcase>
<testcase name="TS13 - Teclado físico: 1 + + 1 debe dar 2" classname="tests\calculator.spec.ts" time="3.466">
<system-out>
<![CDATA[
[[ATTACHMENT|tests-calculator-TS13---Teclado-físico-1-1-debe-dar-2\test-finished-1.png]]

[[ATTACHMENT|tests-calculator-TS13---Teclado-físico-1-1-debe-dar-2\video.webm]]
]]>
</system-out>
</testcase>
<testcase name="TS14 - Teclado físico: 10 + - 2 debe dar 8" classname="tests\calculator.spec.ts" time="3.736">
<system-out>
<![CDATA[
[[ATTACHMENT|tests-calculator-TS14---Teclado-físico-10---2-debe-dar-8\test-finished-1.png]]

[[ATTACHMENT|tests-calculator-TS14---Teclado-físico-10---2-debe-dar-8\video.webm]]
]]>
</system-out>
</testcase>
</testsuite>
</testsuites>