<testsuites id="" name="" tests="15" failures="0" skipped="0" errors="0" time="17.182696">
<testsuite name="calculator.spec.ts" timestamp="2025-06-07T16:37:19.154Z" hostname="" tests="15" failures="0" skipped="0" time="14.794" errors="0">
<testcase name="TS01: Al presionar cada número, aparece ese número en pantalla" classname="calculator.spec.ts" time="1.917">
</testcase>
<testcase name="TS01b: Al presionar números desde el teclado, aparecen en pantalla" classname="calculator.spec.ts" time="1.305">
</testcase>
<testcase name="TS02: 1 + 2 = 3" classname="calculator.spec.ts" time="0.935">
</testcase>
<testcase name="TS03: 5 - 3 = 2" classname="calculator.spec.ts" time="0.993">
</testcase>
<testcase name="TS04: 4 * 5 = 20" classname="calculator.spec.ts" time="0.908">
</testcase>
<testcase name="TS05: 9 ÷ 3 = 3" classname="calculator.spec.ts" time="0.91">
</testcase>
<testcase name="TS06: Botón C limpia la pantalla" classname="calculator.spec.ts" time="0.792">
</testcase>
<testcase name="TS07: Backspace elimina último dígito" classname="calculator.spec.ts" time="0.883">
</testcase>
<testcase name="TS08: División por cero muestra error" classname="calculator.spec.ts" time="0.931">
</testcase>
<testcase name="TS09: Entrada usando teclado físico: 7 + 2 = 9" classname="calculator.spec.ts" time="0.83">
</testcase>
<testcase name="TS10 - No debe permitir operadores repetidos (1 + + 1 → 2)" classname="calculator.spec.ts" time="0.936">
</testcase>
<testcase name="TS11 - Debe reemplazar operador si es diferente (10 + - 2 → 8)" classname="calculator.spec.ts" time="0.976">
</testcase>
<testcase name="TS12 - Comprobación de operación válida sin interferencia (7 * 3 = 21)" classname="calculator.spec.ts" time="0.893">
</testcase>
<testcase name="TS13 - Teclado físico: 1 + + 1 debe dar 2" classname="calculator.spec.ts" time="0.799">
</testcase>
<testcase name="TS14 - Teclado físico: 10 + - 2 debe dar 8" classname="calculator.spec.ts" time="0.786">
</testcase>
</testsuite>
</testsuites>