<testsuites id="" name="" tests="21" failures="0" skipped="0" errors="0" time="74.554755">
<testsuite name="tests\calculator.spec.ts" timestamp="2025-06-11T21:09:41.247Z" hostname="" tests="21" failures="0" skipped="0" time="71.746" errors="0">
<testcase name="TS01: Al presionar cada número, aparece ese número en pantalla" classname="tests\calculator.spec.ts" time="8.926">
<system-out>
<![CDATA[
Test: TS01: Al presionar cada número, aparece ese número en pantalla - status: passed
Video Attachment Path: no hay
Screenshots Attachment Paths: no hay
]]>
</system-out>
<system-err>
<![CDATA[No se encontró carpeta de resultados para el test: TS01: Al presionar cada número, aparece ese número en pantalla
]]>
</system-err>
</testcase>
<testcase name="TS01b: Al presionar números desde el teclado, aparecen en pantalla" classname="tests\calculator.spec.ts" time="8.879">
<system-out>
<![CDATA[
Test: TS01b: Al presionar números desde el teclado, aparecen en pantalla - status: passed
Video Attachment Path: no hay
Screenshots Attachment Paths: no hay
]]>
</system-out>
<system-err>
<![CDATA[No se encontró carpeta de resultados para el test: TS01b: Al presionar números desde el teclado, aparecen en pantalla
]]>
</system-err>
</testcase>
<testcase name="TS02: 1 + 2 = 3" classname="tests\calculator.spec.ts" time="3.236">
<system-out>
<![CDATA[
Test: TS02: 1 + 2 = 3 - status: passed
Video Attachment Path: no hay
Screenshots Attachment Paths: no hay
]]>
</system-out>
<system-err>
<![CDATA[No se encontró carpeta de resultados para el test: TS02: 1 + 2 = 3
]]>
</system-err>
</testcase>
<testcase name="TS03: 5 - 3 = 2" classname="tests\calculator.spec.ts" time="2.999">
<system-out>
<![CDATA[
Test: TS03: 5 - 3 = 2 - status: passed
Video Attachment Path: no hay
Screenshots Attachment Paths: no hay
]]>
</system-out>
<system-err>
<![CDATA[No se encontró carpeta de resultados para el test: TS03: 5 - 3 = 2
]]>
</system-err>
</testcase>
<testcase name="TS04: 4 * 5 = 20" classname="tests\calculator.spec.ts" time="2.823">
<system-out>
<![CDATA[
Test: TS04: 4 * 5 = 20 - status: passed
Video Attachment Path: no hay
Screenshots Attachment Paths: no hay
]]>
</system-out>
<system-err>
<![CDATA[No se encontró carpeta de resultados para el test: TS04: 4 * 5 = 20
]]>
</system-err>
</testcase>
<testcase name="TS05: 9 ÷ 3 = 3" classname="tests\calculator.spec.ts" time="3.353">
<system-out>
<![CDATA[
Test: TS05: 9 ÷ 3 = 3 - status: passed
Video Attachment Path: no hay
Screenshots Attachment Paths: no hay
]]>
</system-out>
<system-err>
<![CDATA[No se encontró carpeta de resultados para el test: TS05: 9 ÷ 3 = 3
]]>
</system-err>
</testcase>
<testcase name="TS06: Botón C limpia la pantalla" classname="tests\calculator.spec.ts" time="2.619">
<system-out>
<![CDATA[
Test: TS06: Botón C limpia la pantalla - status: passed
Video Attachment Path: no hay
Screenshots Attachment Paths: no hay
]]>
</system-out>
<system-err>
<![CDATA[No se encontró carpeta de resultados para el test: TS06: Botón C limpia la pantalla
]]>
</system-err>
</testcase>
<testcase name="TS07: Backspace elimina último dígito" classname="tests\calculator.spec.ts" time="2.593">
<system-out>
<![CDATA[
Test: TS07: Backspace elimina último dígito - status: passed
Video Attachment Path: no hay
Screenshots Attachment Paths: no hay
]]>
</system-out>
<system-err>
<![CDATA[No se encontró carpeta de resultados para el test: TS07: Backspace elimina último dígito
]]>
</system-err>
</testcase>
<testcase name="TS08: División por cero muestra error" classname="tests\calculator.spec.ts" time="3.048">
<system-out>
<![CDATA[
Test: TS08: División por cero muestra error - status: passed
Video Attachment Path: no hay
Screenshots Attachment Paths: no hay
]]>
</system-out>
<system-err>
<![CDATA[No se encontró carpeta de resultados para el test: TS08: División por cero muestra error
]]>
</system-err>
</testcase>
<testcase name="TS09: Entrada usando teclado físico: 7 + 2 = 9" classname="tests\calculator.spec.ts" time="3.252">
<system-out>
<![CDATA[
Test: TS09: Entrada usando teclado físico: 7 + 2 = 9 - status: passed
Video Attachment Path: no hay
Screenshots Attachment Paths: no hay
]]>
</system-out>
<system-err>
<![CDATA[No se encontró carpeta de resultados para el test: TS09: Entrada usando teclado físico: 7 + 2 = 9
]]>
</system-err>
</testcase>
<testcase name="TS10 - No debe permitir operadores repetidos (1 + + 1 → 2)" classname="tests\calculator.spec.ts" time="2.96">
<system-out>
<![CDATA[
Test: TS10 - No debe permitir operadores repetidos (1 + + 1 → 2) - status: passed
Video Attachment Path: no hay
Screenshots Attachment Paths: no hay
]]>
</system-out>
<system-err>
<![CDATA[No se encontró carpeta de resultados para el test: TS10 - No debe permitir operadores repetidos (1 + + 1 → 2)
]]>
</system-err>
</testcase>
<testcase name="TS11 - Debe reemplazar operador si es diferente (10 + - 2 → 8)" classname="tests\calculator.spec.ts" time="2.432">
<system-out>
<![CDATA[
Test: TS11 - Debe reemplazar operador si es diferente (10 + - 2 → 8) - status: passed
Video Attachment Path: no hay
Screenshots Attachment Paths: no hay
]]>
</system-out>
<system-err>
<![CDATA[No se encontró carpeta de resultados para el test: TS11 - Debe reemplazar operador si es diferente (10 + - 2 → 8)
]]>
</system-err>
</testcase>
<testcase name="TS12 - Comprobación de operación válida sin interferencia (7 * 3 = 21)" classname="tests\calculator.spec.ts" time="2.716">
<system-out>
<![CDATA[
Test: TS12 - Comprobación de operación válida sin interferencia (7 * 3 = 21) - status: passed
Video Attachment Path: no hay
Screenshots Attachment Paths: no hay
]]>
</system-out>
<system-err>
<![CDATA[No se encontró carpeta de resultados para el test: TS12 - Comprobación de operación válida sin interferencia (7 * 3 = 21)
]]>
</system-err>
</testcase>
<testcase name="TS13 - Teclado físico: 1 + + 1 debe dar 2" classname="tests\calculator.spec.ts" time="3.23">
<system-out>
<![CDATA[
Test: TS13 - Teclado físico: 1 + + 1 debe dar 2 - status: passed
Video Attachment Path: no hay
Screenshots Attachment Paths: no hay
]]>
</system-out>
<system-err>
<![CDATA[No se encontró carpeta de resultados para el test: TS13 - Teclado físico: 1 + + 1 debe dar 2
]]>
</system-err>
</testcase>
<testcase name="TS14 - Teclado físico: 10 + - 2 debe dar 8" classname="tests\calculator.spec.ts" time="3.125">
<system-out>
<![CDATA[
Test: TS14 - Teclado físico: 10 + - 2 debe dar 8 - status: passed
Video Attachment Path: no hay
Screenshots Attachment Paths: no hay
]]>
</system-out>
<system-err>
<![CDATA[No se encontró carpeta de resultados para el test: TS14 - Teclado físico: 10 + - 2 debe dar 8
]]>
</system-err>
</testcase>
<testcase name="TS15 - Click: múltiples puntos deben ignorarse (1...1 + 1 = 2.1)" classname="tests\calculator.spec.ts" time="2.455">
<system-out>
<![CDATA[
Test: TS15 - Click: múltiples puntos deben ignorarse (1...1 + 1 = 2.1) - status: passed
Video Attachment Path: no hay
Screenshots Attachment Paths: no hay
]]>
</system-out>
<system-err>
<![CDATA[No se encontró carpeta de resultados para el test: TS15 - Click: múltiples puntos deben ignorarse (1...1 + 1 = 2.1)
]]>
</system-err>
</testcase>
<testcase name="TS16 - Teclado físico: múltiples puntos deben ignorarse (1.2.3 + 1 = 2.23)" classname="tests\calculator.spec.ts" time="2.978">
<system-out>
<![CDATA[
Test: TS16 - Teclado físico: múltiples puntos deben ignorarse (1.2.3 + 1 = 2.23) - status: passed
Video Attachment Path: no hay
Screenshots Attachment Paths: no hay
]]>
</system-out>
<system-err>
<![CDATA[No se encontró carpeta de resultados para el test: TS16 - Teclado físico: múltiples puntos deben ignorarse (1.2.3 + 1 = 2.23)
]]>
</system-err>
</testcase>
<testcase name="TS17 - La pantalla inicia en blanco" classname="tests\calculator.spec.ts" time="2.336">
<system-out>
<![CDATA[
Test: TS17 - La pantalla inicia en blanco - status: passed
Video Attachment Path: no hay
Screenshots Attachment Paths: no hay
]]>
</system-out>
<system-err>
<![CDATA[No se encontró carpeta de resultados para el test: TS17 - La pantalla inicia en blanco
]]>
</system-err>
</testcase>
<testcase name="TS18 - Al hacer clic 1 vez, el tema cambia a gris" classname="tests\calculator.spec.ts" time="2.592">
<system-out>
<![CDATA[
Test: TS18 - Al hacer clic 1 vez, el tema cambia a gris - status: passed
Video Attachment Path: no hay
Screenshots Attachment Paths: no hay
]]>
</system-out>
<system-err>
<![CDATA[No se encontró carpeta de resultados para el test: TS18 - Al hacer clic 1 vez, el tema cambia a gris
]]>
</system-err>
</testcase>
<testcase name="TS19 - Al hacer clic 2 veces, el tema cambia a negro" classname="tests\calculator.spec.ts" time="2.443">
<system-out>
<![CDATA[
Test: TS19 - Al hacer clic 2 veces, el tema cambia a negro - status: passed
Video Attachment Path: no hay
Screenshots Attachment Paths: no hay
]]>
</system-out>
<system-err>
<![CDATA[No se encontró carpeta de resultados para el test: TS19 - Al hacer clic 2 veces, el tema cambia a negro
]]>
</system-err>
</testcase>
<testcase name="TS20 - Al hacer clic 3 veces, el tema vuelve a blanco" classname="tests\calculator.spec.ts" time="2.751">
<system-out>
<![CDATA[
Test: TS20 - Al hacer clic 3 veces, el tema vuelve a blanco - status: passed
Video Attachment Path: no hay
Screenshots Attachment Paths: no hay
]]>
</system-out>
<system-err>
<![CDATA[No se encontró carpeta de resultados para el test: TS20 - Al hacer clic 3 veces, el tema vuelve a blanco
]]>
</system-err>
</testcase>
</testsuite>
</testsuites>